IQ-TREE multicore version 2.0.6 for Windows 64-bit built May 30 2020
Developed by Bui Quang Minh, Nguyen Lam Tung, Olga Chernomor,
Heiko Schmidt, Dominik Schrempf, Michael Woodhams.

Host:    DESKTOP-G67FVFQ (AVX2, FMA3, 15 GB RAM)
Command: C:\Users\nguye\AppData\iqtree\iqtree-2.0.6-Windows\bin\iqtree2.exe -s E:\New folder (2)\new\hello\input\example.phy -m MF -T AUTO --prefix undefined --redo
Seed:    922077 (Using SPRNG - Scalable Parallel Random Number Generator)
Time:    Mon Oct 04 21:15:52 2021
Kernel:  AVX+FMA - auto-detect threads (12 CPU cores detected)

Reading alignment file E:\New folder (2)\new\hello\input\example.phy ... Phylip format detected
Alignment most likely contains DNA/RNA sequences
Alignment has 17 sequences with 384 columns, 237 distinct patterns
185 parsimony-informative, 64 singleton sites, 135 constant sites
           Gap/Ambiguity  Composition  p-value
   1  LngfishAu    0.52%    passed     28.09%
   2  LngfishSA    0.00%    passed     17.50%
   3  LngfishAf    0.00%    passed     78.98%
   4  Frog         0.00%    passed     67.47%
   5  Turtle       0.00%    passed     97.85%
   6  Sphenodon    0.00%    passed     94.73%
   7  Lizard       0.00%    passed     66.94%
   8  Crocodile    0.00%    passed     72.54%
   9  Bird         0.00%    passed     26.04%
  10  Human        0.00%    passed     67.28%
  11  Seal         0.00%    passed     95.04%
  12  Cow          0.00%    passed     91.75%
  13  Whale        0.00%    passed     62.46%
  14  Mouse        0.00%    passed     15.87%
  15  Rat          0.00%    passed     23.65%
  16  Platypus     0.00%    passed     62.09%
  17  Opossum      0.00%    passed     10.58%
****  TOTAL        0.03%  0 sequences failed composition chi2 test (p-value<5%; df=3)


Create initial parsimony tree by phylogenetic likelihood library (PLL)... 0.006 seconds
Measuring multi-threading efficiency up to 12 CPU cores
Increase to 10 rounds for branch lengths
2404 trees examined
Threads: 1 / Time: 12.003 sec / Speedup: 1.000 / Efficiency: 100% / LogL: -4245
Threads: 2 / Time: 9.864 sec / Speedup: 1.217 / Efficiency: 61% / LogL: -4245
Threads: 3 / Time: 9.767 sec / Speedup: 1.229 / Efficiency: 41% / LogL: -4245
BEST NUMBER OF THREADS: 2

Perform fast likelihood tree search using GTR+I+G model...
Estimate model parameters (epsilon = 5.000)
Perform nearest neighbor interchange...
Estimate model parameters (epsilon = 1.000)
1. Initial log-likelihood: -3785.583
Optimal log-likelihood: -3784.920
Rate parameters:  A-C: 3.57823  A-G: 5.42654  A-T: 2.71362  C-G: 0.43452  C-T: 15.62586  G-T: 1.00000
Base frequencies:  A: 0.342  C: 0.259  G: 0.174  T: 0.225
Proportion of invariable sites: 0.137
Gamma shape alpha: 0.657
Parameters optimization took 1 rounds (0.005 sec)
Time for fast ML tree search: 0.047 seconds

NOTE: ModelFinder requires 1 MB RAM!
ModelFinder will test up to 286 DNA models (sample size: 384) ...
 No. Model         -LnL         df  AIC          AICc         BIC
  1  GTR+F         4054.234     39  8186.467     8195.537     8340.542
  2  GTR+F+I       3877.243     40  7834.486     7844.049     7992.512
  3  GTR+F+G4      3784.380     40  7648.760     7658.323     7806.786
  4  GTR+F+I+G4    3784.802     41  7651.604     7661.674     7813.581
  5  GTR+F+R2      3801.449     41  7684.898     7694.969     7846.875
  6  GTR+F+R3      3782.033     43  7650.065     7661.195     7819.943
  7  GTR+F+R4      3782.443     45  7654.887     7667.135     7832.666
 16  SYM+G4        3807.991     37  7689.983     7698.110     7836.157
 17  SYM+I+G4      3808.172     38  7692.344     7700.935     7842.468
 29  TVM+F+G4      3809.566     39  7697.133     7706.203     7851.208
 30  TVM+F+I+G4    3808.896     40  7697.793     7707.355     7855.818
 42  TVMe+G4       3842.269     36  7756.539     7764.216     7898.762
 43  TVMe+I+G4     3841.400     37  7756.800     7764.928     7902.974
 55  TIM3+F+G4     3811.396     38  7698.791     7707.383     7848.916
 56  TIM3+F+I+G4   3811.940     39  7701.880     7710.950     7855.955
 68  TIM3e+G4      3870.573     35  7811.145     7818.387     7949.418
 69  TIM3e+I+G4    3870.992     36  7813.985     7821.662     7956.208
 81  TIM2+F+G4     3785.865     38  7647.730     7656.321     7797.854
 82  TIM2+F+I+G4   3786.357     39  7650.713     7659.783     7804.788
 94  TIM2e+G4      3809.788     35  7689.576     7696.817     7827.848
 95  TIM2e+I+G4    3809.886     36  7691.771     7699.448     7833.994
107  TIM+F+G4      3809.518     38  7695.036     7703.627     7845.160
108  TIM+F+I+G4    3810.141     39  7698.283     7707.353     7852.358
120  TIMe+G4       3870.026     35  7810.053     7817.294     7948.325
121  TIMe+I+G4     3870.456     36  7812.912     7820.590     7955.135
133  TPM3u+F+G4    3830.832     37  7735.663     7743.790     7881.837
134  TPM3u+F+I+G4  3830.115     38  7736.229     7744.820     7886.353
146  TPM3+F+G4     3830.832     37  7735.663     7743.790     7881.837
147  TPM3+F+I+G4   3830.115     38  7736.229     7744.820     7886.353
159  TPM2u+F+G4    3811.206     37  7696.413     7704.540     7842.586
160  TPM2u+F+I+G4  3810.439     38  7696.878     7705.469     7847.002
172  TPM2+F+G4     3811.206     37  7696.413     7704.540     7842.586
173  TPM2+F+I+G4   3810.439     38  7696.878     7705.469     7847.002
185  K3Pu+F+G4     3829.293     37  7732.587     7740.714     7878.760
186  K3Pu+F+I+G4   3828.628     38  7733.255     7741.847     7883.380
198  K3P+G4        3908.601     34  7885.202     7892.021     8019.524
199  K3P+I+G4      3907.529     35  7885.059     7892.300     8023.331
211  TN+F+G4       3811.532     37  7697.063     7705.190     7843.237
212  TN+F+I+G4     3812.082     38  7700.165     7708.756     7850.289
224  TNe+G4        3871.571     34  7811.141     7817.961     7945.463
225  TNe+I+G4      3871.960     35  7813.920     7821.161     7952.192
237  HKY+F+G4      3831.108     36  7734.216     7741.893     7876.439
238  HKY+F+I+G4    3830.369     37  7734.738     7742.865     7880.912
250  K2P+G4        3910.009     33  7886.018     7892.429     8016.389
251  K2P+I+G4      3908.909     34  7885.819     7892.638     8020.141
263  F81+F+G4      3973.972     35  8017.944     8025.185     8156.216
264  F81+F+I+G4    3973.242     36  8018.484     8026.161     8160.707
276  JC+G4         4018.226     32  8100.451     8106.468     8226.872
277  JC+I+G4       4017.549     33  8101.098     8107.509     8231.469
Akaike Information Criterion:           TIM2+F+G4
Corrected Akaike Information Criterion: TIM2+F+G4
Bayesian Information Criterion:         TIM2+F+G4
Best-fit model: TIM2+F+G4 chosen according to BIC

All model information printed to undefined.model.gz
CPU time for ModelFinder: 61.344 seconds (0h:1m:1s)
Wall-clock time for ModelFinder: 32.468 seconds (0h:0m:32s)

NOTE: 0 MB RAM (0 GB) is required!
Estimate model parameters (epsilon = 0.010)
1. Initial log-likelihood: -3785.865
Optimal log-likelihood: -3785.864
Rate parameters:  A-C: 4.54612  A-G: 7.74023  A-T: 4.54612  C-G: 1.00000  C-T: 24.09268  G-T: 1.00000
Base frequencies:  A: 0.342  C: 0.259  G: 0.174  T: 0.225
Gamma shape alpha: 0.454
Parameters optimization took 1 rounds (0.002 sec)
BEST SCORE FOUND : -3785.864
Total tree length: 4.205

Total number of iterations: 0
CPU time used for tree search: 0.000 sec (0h:0m:0s)
Wall-clock time used for tree search: 0.000 sec (0h:0m:0s)
Total CPU time used: 0.031 sec (0h:0m:0s)
Total wall-clock time used: 0.010 sec (0h:0m:0s)

Analysis results written to: 
  IQ-TREE report:                undefined.iqtree
  Tree used for ModelFinder:     undefined.treefile
  Screen log file:               undefined.log

Date and Time: Mon Oct 04 21:16:25 2021
